You are receiving this email because your Amazon CloudWatch Alarm "A-3-Ash-CPUOVER80" in the US West (Oregon) region has entered the ALARM state, because "Threshold Crossed: 1 out of the last 1 datapoints [92.8333333333334 (06/08/18 17:00:00)] was greater than or equal to the threshold (0.8) (minimum 1 datapoint for OK -> ALARM transition)." at "Monday 06 August, 2018 17:05:38 UTC".

View this alarm in the AWS Management Console:
https://console.aws.amazon.com/cloudwatch/home?region=us-west-2#s=Alarms&alarm=A-3-Ash-CPUOVER80

Alarm Details:
- Name:                       A-3-Ash-CPUOVER80
- Description:                >=80% CPU
- State Change:               INSUFFICIENT_DATA -> ALARM
- Reason for State Change:    Threshold Crossed: 1 out of the last 1 datapoints [92.8333333333334 (06/08/18 17:00:00)] was greater than or equal to the threshold (0.8) (minimum 1 datapoint for OK -> ALARM transition).
- Timestamp:                  Monday 06 August, 2018 17:05:38 UTC
- AWS Account:                006170570170

Threshold:
- The alarm is in the ALARM state when the metric is GreaterThanOrEqualToThreshold 0.8 for 300 seconds. 

Monitored Metric:
- MetricNamespace:                     AWS/EC2
- MetricName:                          CPUUtilization
- Dimensions:                          [InstanceId = i-0b18d92543d4c5231]
- Period:                              300 seconds
- Statistic:                           Average
- Unit:                                not specified



State Change Actions:
- OK: 
- ALARM: [arn:aws:sns:us-west-2:006170570170:A-3-Notifications]
- INSUFFICIENT_DATA: 


--
If you wish to stop receiving notifications from this topic, please click or visit the link below to unsubscribe:
https://sns.us-west-2.amazonaws.com/unsubscribe.html?SubscriptionArn=arn:aws:sns:us-west-2:006170570170:A-3-Notifications:cf5d53f7-14a2-4505-96fa-a543e7aced40&Endpoint=ashears@uoregon.edu

Please do not reply directly to this email. If you have any questions or comments regarding this email, please contact us at https://aws.amazon.com/support
